
> remind365@0.1.0 start
> next start

▲ Next.js 16.2.4
- Local:         http://localhost:3000
- Network:       http://192.168.1.4:3000
✓ Ready in 1957ms
⚠ `experimental.instrumentationHook` is no longer needed, because `instrumentation.js` is available by default. You can remove it from next.config.ts.
⚠ Invalid next.config.ts options detected: 
⚠     Unrecognized key(s) in object: 'instrumentationHook' at "experimental"
⚠ See more info here: https://nextjs.org/docs/messages/invalid-next-config
^C^C
> remind365@0.1.0 start
> next start

▲ Next.js 16.2.4
- Local:         http://localhost:3000
- Network:       http://192.168.1.4:3000
✓ Ready in 1648ms
⚠ `experimental.instrumentationHook` is no longer needed, because `instrumentation.js` is available by default. You can remove it from next.config.ts.
⚠ Invalid next.config.ts options detected: 
⚠     Unrecognized key(s) in object: 'instrumentationHook' at "experimental"
⚠ See more info here: https://nextjs.org/docs/messages/invalid-next-config
^C^CTerminate batch job (Y/N)? 
> remind365@0.1.0 start
> next start

▲ Next.js 16.2.4
- Local:         http://localhost:3000
- Network:       http://192.168.1.4:3000
✓ Ready in 647ms
⚠ `experimental.instrumentationHook` is no longer needed, because `instrumentation.js` is available by default. You can remove it from next.config.ts.
⚠ Invalid next.config.ts options detected: 
⚠     Unrecognized key(s) in object: 'instrumentationHook' at "experimental"
⚠ See more info here: https://nextjs.org/docs/messages/invalid-next-config

> remind365@0.1.0 start
> next start

▲ Next.js 16.2.4
- Local:         http://localhost:3000
- Network:       http://10.48.143.174:3000
✓ Ready in 979ms
🤖 Background CRON worker registered inside instrumentation.ts.

🔔 [21/4/2026, 7:22:01 pm] Notification sent to Telegram! Customer: ramesh

